<?xml version="1.0" encoding="UTF-8"?>
<!-- Generated by org.testng.reporters.JUnitReportReporter -->
<testsuite skipped="0" hostname="sunilkpro.local" name="androidTest.TestApp" tests="1" failures="0" timestamp="04 Aug 2018 14:44:42 GMT" time="9.854" errors="0">
  <testcase name="Test" time="9.854" classname="androidTest.TestApp"/>
</testsuite> <!-- androidTest.TestApp -->
