<?xml version="1.0" encoding="UTF-8"?>
<!-- Generated by org.testng.reporters.JUnitReportReporter -->
<testsuite skipped="0" hostname="sunilkpro.local" name="iOSTest.TestApp" tests="1" failures="0" timestamp="04 Aug 2018 14:57:29 GMT" time="10.849" errors="0">
  <testcase name="Test" time="10.849" classname="iOSTest.TestApp"/>
</testsuite> <!-- iOSTest.TestApp -->
