<?xml version="1.0" encoding="UTF-8"?>
<!-- Generated by org.testng.reporters.JUnitReportReporter -->
<testsuite hostname="DESKTOP-RBMAVSC" failures="0" tests="1" name="iOSTest.TestApp" time="14.394" errors="0" timestamp="07 Dec 2021 08:39:56 GMT" skipped="0">
  <testcase classname="iOSTest.TestApp" name="Test" time="14.394"/>
</testsuite> <!-- iOSTest.TestApp -->
