<?xml version="1.0" encoding="UTF-8"?>
<!-- Generated by org.testng.reporters.JUnitReportReporter -->
<testsuite hostname="DESKTOP-RBMAVSC" failures="0" tests="1" name="androidTest.TestApp" time="312.203" errors="0" timestamp="08 Dec 2021 19:54:48 GMT" skipped="0">
  <testcase classname="androidTest.TestApp" name="Test" time="312.203"/>
</testsuite> <!-- androidTest.TestApp -->
